<?xml version="1.0" encoding="UTF-8"?>
<testng-results ignored="0" total="1" passed="1" failed="0" skipped="0">
  <reporter-output>
  </reporter-output>
  <suite started-at="2026-07-10T09:29:37 IST" name="Default suite" finished-at="2026-07-10T09:29:37 IST" duration-ms="54">
    <groups>
    </groups>
    <test started-at="2026-07-10T09:29:37 IST" name="Default test" finished-at="2026-07-10T09:29:37 IST" duration-ms="54">
      <class name="Search">
        <test-method signature="testSearch()[pri:0, instance:Search@689604d9]" started-at="2026-07-10T09:29:37 IST" name="testSearch" finished-at="2026-07-10T09:29:37 IST" duration-ms="10" status="PASS">
          <reporter-output>
          </reporter-output>
        </test-method> <!-- testSearch -->
      </class> <!-- Search -->
    </test> <!-- Default test -->
  </suite> <!-- Default suite -->
</testng-results>
